Determining if the pthread_create exist failed with the following output:
Change Dir: /home/patrick/ClionProjects/CTPClientDemo/Debug/CMakeFiles/CMakeTmp

Run Build Command:"/usr/bin/make" "cmTC_f771a/fast"
/usr/bin/make -f CMakeFiles/cmTC_f771a.dir/build.make CMakeFiles/cmTC_f771a.dir/build
make[1]: Entering directory '/home/patrick/ClionProjects/CTPClientDemo/Debug/CMakeFiles/CMakeTmp'
Building C object CMakeFiles/cmTC_f771a.dir/CheckSymbolExists.c.o
/usr/bin/cc     -o CMakeFiles/cmTC_f771a.dir/CheckSymbolExists.c.o   -c /home/patrick/ClionProjects/CTPClientDemo/Debug/CMakeFiles/CMakeTmp/CheckSymbolExists.c
Linking C executable cmTC_f771a
/home/patrick/Downloads/clion-2016.3/bin/cmake/bin/cmake -E cmake_link_script CMakeFiles/cmTC_f771a.dir/link.txt --verbose=1
/usr/bin/cc       CMakeFiles/cmTC_f771a.dir/CheckSymbolExists.c.o  -o cmTC_f771a 
CMakeFiles/cmTC_f771a.dir/CheckSymbolExists.c.o: In function `main':
CheckSymbolExists.c:(.text+0x16): undefined reference to `pthread_create'
collect2: error: ld returned 1 exit status
CMakeFiles/cmTC_f771a.dir/build.make:97: recipe for target 'cmTC_f771a' failed
make[1]: *** [cmTC_f771a] Error 1
make[1]: Leaving directory '/home/patrick/ClionProjects/CTPClientDemo/Debug/CMakeFiles/CMakeTmp'
Makefile:126: recipe for target 'cmTC_f771a/fast' failed
make: *** [cmTC_f771a/fast] Error 2

File /home/patrick/ClionProjects/CTPClientDemo/Debug/CMakeFiles/CMakeTmp/CheckSymbolExists.c:
/* */
#include <pthread.h>

int main(int argc, char** argv)
{
  (void)argv;
#ifndef pthread_create
  return ((int*)(&pthread_create))[argc];
#else
  (void)argc;
  return 0;
#endif
}

Determining if the function pthread_create exists in the pthreads failed with the following output:
Change Dir: /home/patrick/ClionProjects/CTPClientDemo/Debug/CMakeFiles/CMakeTmp

Run Build Command:"/usr/bin/make" "cmTC_30346/fast"
/usr/bin/make -f CMakeFiles/cmTC_30346.dir/build.make CMakeFiles/cmTC_30346.dir/build
make[1]: Entering directory '/home/patrick/ClionProjects/CTPClientDemo/Debug/CMakeFiles/CMakeTmp'
Building C object CMakeFiles/cmTC_30346.dir/CheckFunctionExists.c.o
/usr/bin/cc    -DCHECK_FUNCTION_EXISTS=pthread_create   -o CMakeFiles/cmTC_30346.dir/CheckFunctionExists.c.o   -c /home/patrick/Downloads/clion-2016.3/bin/cmake/share/cmake-3.6/Modules/CheckFunctionExists.c
Linking C executable cmTC_30346
/home/patrick/Downloads/clion-2016.3/bin/cmake/bin/cmake -E cmake_link_script CMakeFiles/cmTC_30346.dir/link.txt --verbose=1
/usr/bin/cc   -DCHECK_FUNCTION_EXISTS=pthread_create    CMakeFiles/cmTC_30346.dir/CheckFunctionExists.c.o  -o cmTC_30346 -lpthreads 
/usr/bin/ld: cannot find -lpthreads
collect2: error: ld returned 1 exit status
CMakeFiles/cmTC_30346.dir/build.make:97: recipe for target 'cmTC_30346' failed
make[1]: *** [cmTC_30346] Error 1
make[1]: Leaving directory '/home/patrick/ClionProjects/CTPClientDemo/Debug/CMakeFiles/CMakeTmp'
Makefile:126: recipe for target 'cmTC_30346/fast' failed
make: *** [cmTC_30346/fast] Error 2


