Determining if the pthread_create exist failed with the following output:
Change Dir: /home/patrick/ClionProjects/CTPClientDemo/cmake-build-minsizerel/CMakeFiles/CMakeTmp

Run Build Command:"/usr/bin/make" "cmTC_9aa04/fast"
/usr/bin/make -f CMakeFiles/cmTC_9aa04.dir/build.make CMakeFiles/cmTC_9aa04.dir/build
make[1]: Entering directory '/home/patrick/ClionProjects/CTPClientDemo/cmake-build-minsizerel/CMakeFiles/CMakeTmp'
Building C object CMakeFiles/cmTC_9aa04.dir/CheckSymbolExists.c.o
/usr/bin/cc     -o CMakeFiles/cmTC_9aa04.dir/CheckSymbolExists.c.o   -c /home/patrick/ClionProjects/CTPClientDemo/cmake-build-minsizerel/CMakeFiles/CMakeTmp/CheckSymbolExists.c
Linking C executable cmTC_9aa04
/home/patrick/Downloads/clion-2016.3/bin/cmake/bin/cmake -E cmake_link_script CMakeFiles/cmTC_9aa04.dir/link.txt --verbose=1
/usr/bin/cc       CMakeFiles/cmTC_9aa04.dir/CheckSymbolExists.c.o  -o cmTC_9aa04 
CMakeFiles/cmTC_9aa04.dir/CheckSymbolExists.c.o: In function `main':
CheckSymbolExists.c:(.text+0x16): undefined reference to `pthread_create'
collect2: error: ld returned 1 exit status
CMakeFiles/cmTC_9aa04.dir/build.make:97: recipe for target 'cmTC_9aa04' failed
make[1]: *** [cmTC_9aa04] Error 1
make[1]: Leaving directory '/home/patrick/ClionProjects/CTPClientDemo/cmake-build-minsizerel/CMakeFiles/CMakeTmp'
Makefile:126: recipe for target 'cmTC_9aa04/fast' failed
make: *** [cmTC_9aa04/fast] Error 2

File /home/patrick/ClionProjects/CTPClientDemo/cmake-build-minsizerel/CMakeFiles/CMakeTmp/CheckSymbolExists.c:
/* */
#include <pthread.h>

int main(int argc, char** argv)
{
  (void)argv;
#ifndef pthread_create
  return ((int*)(&pthread_create))[argc];
#else
  (void)argc;
  return 0;
#endif
}

Determining if the function pthread_create exists in the pthreads failed with the following output:
Change Dir: /home/patrick/ClionProjects/CTPClientDemo/cmake-build-minsizerel/CMakeFiles/CMakeTmp

Run Build Command:"/usr/bin/make" "cmTC_535b1/fast"
/usr/bin/make -f CMakeFiles/cmTC_535b1.dir/build.make CMakeFiles/cmTC_535b1.dir/build
make[1]: Entering directory '/home/patrick/ClionProjects/CTPClientDemo/cmake-build-minsizerel/CMakeFiles/CMakeTmp'
Building C object CMakeFiles/cmTC_535b1.dir/CheckFunctionExists.c.o
/usr/bin/cc    -DCHECK_FUNCTION_EXISTS=pthread_create   -o CMakeFiles/cmTC_535b1.dir/CheckFunctionExists.c.o   -c /home/patrick/Downloads/clion-2016.3/bin/cmake/share/cmake-3.6/Modules/CheckFunctionExists.c
Linking C executable cmTC_535b1
/home/patrick/Downloads/clion-2016.3/bin/cmake/bin/cmake -E cmake_link_script CMakeFiles/cmTC_535b1.dir/link.txt --verbose=1
/usr/bin/cc   -DCHECK_FUNCTION_EXISTS=pthread_create    CMakeFiles/cmTC_535b1.dir/CheckFunctionExists.c.o  -o cmTC_535b1 -lpthreads 
/usr/bin/ld: cannot find -lpthreads
collect2: error: ld returned 1 exit status
CMakeFiles/cmTC_535b1.dir/build.make:97: recipe for target 'cmTC_535b1' failed
make[1]: *** [cmTC_535b1] Error 1
make[1]: Leaving directory '/home/patrick/ClionProjects/CTPClientDemo/cmake-build-minsizerel/CMakeFiles/CMakeTmp'
Makefile:126: recipe for target 'cmTC_535b1/fast' failed
make: *** [cmTC_535b1/fast] Error 2


