Determining if the pthread_create exist failed with the following output:
Change Dir: /home/patrick/ClionProjects/CTPClientDemo/Release/CMakeFiles/CMakeTmp

Run Build Command:"/usr/bin/make" "cmTC_97114/fast"
/usr/bin/make -f CMakeFiles/cmTC_97114.dir/build.make CMakeFiles/cmTC_97114.dir/build
make[1]: Entering directory '/home/patrick/ClionProjects/CTPClientDemo/Release/CMakeFiles/CMakeTmp'
Building C object CMakeFiles/cmTC_97114.dir/CheckSymbolExists.c.o
/usr/bin/cc     -o CMakeFiles/cmTC_97114.dir/CheckSymbolExists.c.o   -c /home/patrick/ClionProjects/CTPClientDemo/Release/CMakeFiles/CMakeTmp/CheckSymbolExists.c
Linking C executable cmTC_97114
/home/patrick/Downloads/clion-2016.3/bin/cmake/bin/cmake -E cmake_link_script CMakeFiles/cmTC_97114.dir/link.txt --verbose=1
/usr/bin/cc       CMakeFiles/cmTC_97114.dir/CheckSymbolExists.c.o  -o cmTC_97114 
CMakeFiles/cmTC_97114.dir/CheckSymbolExists.c.o: In function `main':
CheckSymbolExists.c:(.text+0x16): undefined reference to `pthread_create'
collect2: error: ld returned 1 exit status
CMakeFiles/cmTC_97114.dir/build.make:97: recipe for target 'cmTC_97114' failed
make[1]: *** [cmTC_97114] Error 1
make[1]: Leaving directory '/home/patrick/ClionProjects/CTPClientDemo/Release/CMakeFiles/CMakeTmp'
Makefile:126: recipe for target 'cmTC_97114/fast' failed
make: *** [cmTC_97114/fast] Error 2

File /home/patrick/ClionProjects/CTPClientDemo/Release/CMakeFiles/CMakeTmp/CheckSymbolExists.c:
/* */
#include <pthread.h>

int main(int argc, char** argv)
{
  (void)argv;
#ifndef pthread_create
  return ((int*)(&pthread_create))[argc];
#else
  (void)argc;
  return 0;
#endif
}

Determining if the function pthread_create exists in the pthreads failed with the following output:
Change Dir: /home/patrick/ClionProjects/CTPClientDemo/Release/CMakeFiles/CMakeTmp

Run Build Command:"/usr/bin/make" "cmTC_5728f/fast"
/usr/bin/make -f CMakeFiles/cmTC_5728f.dir/build.make CMakeFiles/cmTC_5728f.dir/build
make[1]: Entering directory '/home/patrick/ClionProjects/CTPClientDemo/Release/CMakeFiles/CMakeTmp'
Building C object CMakeFiles/cmTC_5728f.dir/CheckFunctionExists.c.o
/usr/bin/cc    -DCHECK_FUNCTION_EXISTS=pthread_create   -o CMakeFiles/cmTC_5728f.dir/CheckFunctionExists.c.o   -c /home/patrick/Downloads/clion-2016.3/bin/cmake/share/cmake-3.6/Modules/CheckFunctionExists.c
Linking C executable cmTC_5728f
/home/patrick/Downloads/clion-2016.3/bin/cmake/bin/cmake -E cmake_link_script CMakeFiles/cmTC_5728f.dir/link.txt --verbose=1
/usr/bin/cc   -DCHECK_FUNCTION_EXISTS=pthread_create    CMakeFiles/cmTC_5728f.dir/CheckFunctionExists.c.o  -o cmTC_5728f -lpthreads 
/usr/bin/ld: cannot find -lpthreads
collect2: error: ld returned 1 exit status
CMakeFiles/cmTC_5728f.dir/build.make:97: recipe for target 'cmTC_5728f' failed
make[1]: *** [cmTC_5728f] Error 1
make[1]: Leaving directory '/home/patrick/ClionProjects/CTPClientDemo/Release/CMakeFiles/CMakeTmp'
Makefile:126: recipe for target 'cmTC_5728f/fast' failed
make: *** [cmTC_5728f/fast] Error 2


